<?xml version="1.0" encoding="UTF-8"?>
<!-- Generated by org.testng.reporters.JUnitReportReporter -->
<testsuite hostname="DESKTOP-LH1DFQT" failures="0" tests="1" name="com.InetBankingP.Testcases.TC_AddCustomerTest_003" time="19.875" errors="0" timestamp="2021-12-11T17:34:05 IST" skipped="0">
  <testcase classname="com.InetBankingP.Testcases.TC_AddCustomerTest_003" name="addNewCustomer" time="19.875"/>
  <system-out/>
</testsuite> <!-- com.InetBankingP.Testcases.TC_AddCustomerTest_003 -->
