<?xml version="1.0" encoding="UTF-8"?>
<!-- Generated by org.testng.reporters.JUnitReportReporter -->
<testsuite hostname="DESKTOP-LH1DFQT" failures="0" tests="1" name="com.InetBankingP.Testcases.TC_AddCustomerTest_003" time="21.731" errors="0" timestamp="2021-12-12T10:15:29 IST" skipped="0">
  <testcase classname="com.InetBankingP.Testcases.TC_AddCustomerTest_003" name="addNewCustomer" time="21.731"/>
  <system-out/>
</testsuite> <!-- com.InetBankingP.Testcases.TC_AddCustomerTest_003 -->
